20121209 16:58:53 | : | DEBUG | admin | t2
20121209 16:58:54 | : | DEBUG | admin | 
20121209 16:59:24 | classes\sessionObject.php:144 | DEBUG | admin | t2
20121209 16:59:25 | classes\sessionObject.php:144 | DEBUG | admin | 
20121209 17:00:09 | classes\sessionObject.php:144 | DEBUG | admin | 
20121209 17:01:36 | classes\sessionObject.php:144 | DEBUG | admin | 
20121209 17:02:09 | classes\sessionObject.php:144 | DEBUG | admin | 
20121210 13:31:43 | : | DEBUG | admin |  Load time for http://localhost/sessionweb/list2.php 0.0513 seconds
20121210 13:31:48 | classes\sessionObject.php:144 | DEBUG | admin | t2
20121210 13:31:48 | classes\sessionObject.php:144 | DEBUG | admin | 
20121210 13:31:55 | classes\sessionObject.php:144 | DEBUG | admin | t2
20121210 13:32:00 | classes\sessionObject.php:144 | DEBUG | admin | t2
20121210 13:32:00 | classes\sessionObject.php:144 | DEBUG | admin | 
20121210 13:33:24 | classes\sessionObject.php:145 | DEBUG | admin | 
20121210 13:35:15 | : | DEBUG | admin |  Load time for http://localhost/sessionweb/list2.php 0.0562 seconds
20121210 13:35:20 | : | DEBUG | admin |  Load time for http://localhost/sessionweb/session.php?sessionid=2&command=edit 0.1067 seconds
20121210 13:36:27 | classes\sessionObject.php:144 | DEBUG | admin | t2
20121210 13:36:27 | classes\sessionObject.php:144 | DEBUG | admin | 
20121210 13:37:29 | classes\sessionObject.php:144 | DEBUG | admin | t2
20121210 13:37:30 | classes\sessionObject.php:144 | DEBUG | admin | t2
20121210 13:38:31 | classes\sessionObject.php:144 | DEBUG | admin | t2
20121210 13:38:36 | classes\sessionObject.php:144 | DEBUG | admin | t2
20121210 13:38:37 | classes\sessionObject.php:144 | DEBUG | admin | t2
20121210 13:38:55 | classes\sessionObject.php:144 | DEBUG | admin | t2
20121210 13:38:57 | classes\sessionObject.php:144 | DEBUG | admin | t2
20121210 13:40:21 | classes\sessionObject.php:144 | DEBUG | admin | t2
20121210 13:40:22 | classes\sessionObject.php:144 | DEBUG | admin | t2
20121210 13:40:38 | : | DEBUG | admin |  Load time for http://localhost/sessionweb/list2.php 0.0685 seconds
20121210 13:40:42 | : | DEBUG | admin |  Load time for http://localhost/sessionweb/session.php?sessionid=3&command=edit 0.1101 seconds
20121210 13:41:00 | : | DEBUG | admin |  Load time for http://localhost/sessionweb/session.php?sessionid=2&command=edit 0.0862 seconds
20121210 13:41:08 | : | DEBUG | admin |  Load time for http://localhost/sessionweb/session.php?sessionid=2&command=edit 0.1426 seconds
20121210 13:41:13 | classes\sessionObject.php:144 | DEBUG | admin | t2
20121210 13:41:14 | classes\sessionObject.php:144 | DEBUG | admin | t2
20121210 13:41:58 | classes\sessionObject.php:144 | DEBUG | admin | t2
20121210 13:41:59 | classes\sessionObject.php:144 | DEBUG | admin | t2
20121210 13:42:01 | classes\sessionObject.php:144 | DEBUG | admin | t2
20121210 13:42:01 | classes\sessionObject.php:144 | DEBUG | admin | t2
20121210 13:42:03 | classes\sessionObject.php:144 | DEBUG | admin | t2
20121210 13:42:04 | classes\sessionObject.php:144 | DEBUG | admin | t2
20121210 13:42:30 | classes\sessionObject.php:144 | DEBUG | admin | t2
20121210 13:42:31 | classes\sessionObject.php:144 | DEBUG | admin | t2
20121210 13:42:33 | classes\sessionObject.php:144 | DEBUG | admin | t2
20121210 13:42:33 | classes\sessionObject.php:144 | DEBUG | admin | t2
20121210 13:45:50 | classes\sessionObject.php:144 | DEBUG | admin | t2
20121210 13:45:50 | classes\sessionObject.php:144 | DEBUG | admin | t2
20121210 13:46:18 | classes\sessionObject.php:144 | DEBUG | admin | t2
20121210 13:46:19 | classes\sessionObject.php:144 | DEBUG | admin | t2
20121210 13:46:43 | classes\sessionObject.php:144 | DEBUG | admin | t2
20121210 13:46:43 | classes\sessionObject.php:144 | DEBUG | admin | t2
20121210 13:48:24 | classes\sessionObject.php:144 | DEBUG | admin | t2
20121210 13:48:24 | classes\sessionObject.php:144 | DEBUG | admin | t2
20121210 13:48:26 | classes\sessionObject.php:144 | DEBUG | admin | t2
20121210 13:48:27 | classes\sessionObject.php:144 | DEBUG | admin | t2
20121210 13:51:11 | classes\sessionObject.php:144 | DEBUG | admin | t2
20121210 13:51:11 | classes\sessionObject.php:144 | DEBUG | admin | t2
20121210 13:51:13 | classes\sessionObject.php:144 | DEBUG | admin | t2
20121210 13:51:14 | classes\sessionObject.php:144 | DEBUG | admin | t2
20121210 13:51:33 | classes\sessionObject.php:144 | DEBUG | admin | t2
20121210 13:51:33 | classes\sessionObject.php:144 | DEBUG | admin | t2
20121210 13:51:37 | classes\sessionObject.php:144 | DEBUG | admin | t2
20121210 13:51:37 | classes\sessionObject.php:144 | DEBUG | admin | t2
20121222 08:13:57 | sessionweb\checklogin.php:214 | INFO | admin | User logged in
20121222 08:13:59 | : | DEBUG | admin |  Load time for http://localhost/sessionweb/list2.php 0.119 seconds
20121222 08:14:06 | : | DEBUG | admin |  Load time for http://localhost/sessionweb/session.php?sessionid=2&command=edit 0.2336 seconds
12/22/12 08:14:18,973 [6024] INFO root - admin created area a1
12/22/12 08:14:22,046 [6024] INFO root - admin created area a2
12/22/12 08:14:24,554 [6024] INFO root - admin created area a3
12/22/12 08:14:27,023 [6024] INFO root - admin created area a4
20121222 08:14:28 | : | DEBUG | admin |  Load time for http://localhost/sessionweb/list2.php 0.0843 seconds
20121222 08:14:30 | : | DEBUG | admin |  Load time for http://localhost/sessionweb/session.php?sessionid=2&command=edit 0.2464 seconds
20121222 08:15:20 | : | DEBUG | admin |  Load time for http://localhost/sessionweb/graph/areagridreport.php 0.0084 seconds
20121222 08:15:22 | : | DEBUG | admin |  Load time for http://localhost/sessionweb/graph/areagridreport.php 0.0019 seconds
20121222 08:15:22 | : | DEBUG | admin |  Load time for http://localhost/sessionweb/graph/areagridreport.php 0.1582 seconds
20121222 08:23:52 | : | DEBUG | admin |  Load time for http://localhost/sessionweb/graph/areagridreport.php 0.0018 seconds
20121222 08:23:52 | : | DEBUG | admin |  Load time for http://localhost/sessionweb/graph/areagridreport.php 0.0825 seconds
20121222 08:26:22 | : | DEBUG | admin |  Load time for http://localhost/sessionweb/graph/areagridreport.php 0.0051 seconds
20121222 08:26:26 | : | DEBUG | admin |  Load time for http://localhost/sessionweb/graph/areagridreport.php 0.0019 seconds
20121222 08:26:26 | : | DEBUG | admin |  Load time for http://localhost/sessionweb/graph/areagridreport.php 0.0815 seconds
20121222 08:26:56 | : | DEBUG | admin |  Load time for http://localhost/sessionweb/graph/areagridreport.php 0.0016 seconds
20121222 08:26:56 | : | DEBUG | admin |  Load time for http://localhost/sessionweb/graph/areagridreport.php 0.0686 seconds
20121222 08:29:08 | : | DEBUG | admin |  Load time for http://localhost/sessionweb/graph/areagridreport.php 0.0018 seconds
20121222 08:29:08 | : | DEBUG | admin |  Load time for http://localhost/sessionweb/graph/areagridreport.php 0.0656 seconds
20121222 08:29:13 | : | DEBUG | admin |  Load time for http://localhost/sessionweb/graph/areagridreport.php 0.0017 seconds
20121222 08:29:13 | : | DEBUG | admin |  Load time for http://localhost/sessionweb/graph/areagridreport.php 0.0871 seconds
20121222 08:29:17 | : | DEBUG | admin |  Load time for http://localhost/sessionweb/graph/areagridreport.php 0.0019 seconds
20121222 08:29:17 | : | DEBUG | admin |  Load time for http://localhost/sessionweb/graph/areagridreport.php 0.1053 seconds
20130114 18:52:46 | sessionweb\checklogin.php:191 | DEBUG |  | admin failed to log in (wrong password or non-existing user)
20130114 18:52:53 | sessionweb\checklogin.php:191 | DEBUG |  | admin failed to log in (wrong password or non-existing user)
20130114 18:52:57 | sessionweb\checklogin.php:214 | INFO | admin | User logged in
20130114 18:53:00 | : | DEBUG | admin |  Load time for http://localhost/sessionweb/list2.php 0.0548 seconds
20130114 18:53:46 | : | DEBUG | admin |  Load time for http://localhost/sessionweb/list2.php 0.0903 seconds
20130114 18:57:25 | : | DEBUG | admin |  Load time for http://localhost/sessionweb/list2.php 0.0833 seconds
20130114 18:57:30 | : | DEBUG | admin |  Load time for http://localhost/sessionweb/session.php?command=edit&sessionid=5394&firsttime 0.161 seconds
20130114 18:58:06 | root\sessionweb\index.php:27 | INFO | admin | User logged out
20130114 18:58:11 | sessionweb\checklogin.php:214 | INFO | admin | User logged in
20130114 18:58:13 | : | DEBUG | admin |  Load time for http://localhost/sessionweb/session.php?command=edit&sessionid=5395&firsttime 0.1695 seconds
20130114 19:00:10 | : | WARN | admin | Session id 2 does not exist
20130114 19:00:10 | : | WARN | admin | Session id null does not exist
20130114 19:04:26 | : | WARN | admin | Session id 2 does not exist
20130114 19:05:37 | : | WARN | admin | Session id 2 does not exist
20130114 19:05:38 | : | WARN | admin | Session id null does not exist
20130114 19:06:21 | : | WARN | admin | Session id 2 does not exist
20130114 19:06:22 | : | WARN | admin | Session id null does not exist
20130114 19:07:17 | : | WARN | admin | Session id 2 does not exist
20130114 19:07:18 | : | WARN | admin | Session id null does not exist
20130114 19:07:29 | : | WARN | admin | Session id 2 does not exist
20130114 19:07:30 | : | WARN | admin | Session id null does not exist
20130114 19:08:20 | : | WARN | admin | Session id 2 does not exist
20130114 19:08:21 | : | WARN | admin | Session id null does not exist
20130114 19:09:02 | : | WARN | admin | Session id 2 does not exist
20130114 19:09:02 | : | WARN | admin | Session id null does not exist
20130114 19:09:28 | : | WARN | admin | Session id 2 does not exist
20130114 19:09:28 | : | WARN | admin | Session id null does not exist
20130114 19:09:53 | : | WARN | admin | Session id 2 does not exist
20130114 19:09:53 | : | WARN | admin | Session id null does not exist
20130114 19:10:31 | : | DEBUG | admin |  Load time for http://localhost/sessionweb/list2.php 0.1544 seconds
20130114 19:10:38 | : | DEBUG | admin |  Load time for http://localhost/sessionweb/session.php?sessionid=1742&command=view 0.0463 seconds
20130114 19:10:47 | : | WARN | admin | Session id 2 does not exist
20130114 19:10:47 | classes\sessionObject.php:144 | DEBUG | admin | 
20130114 19:11:10 | : | WARN | admin | Session id 2 does not exist
20130114 19:11:11 | classes\sessionObject.php:144 | DEBUG | admin | 
20130114 19:12:28 | : | WARN | admin | Session id 2 does not exist
20130114 19:12:29 | classes\sessionObject.php:144 | DEBUG | admin | 
20130114 19:14:52 | : | WARN | admin | Session id 2 does not exist
20130114 19:14:53 | classes\sessionObject.php:144 | DEBUG | admin | 
20130114 19:16:29 | : | WARN | admin | Session id 2 does not exist
20130114 19:16:29 | classes\sessionObject.php:144 | DEBUG | admin | 
20130114 19:16:44 | : | WARN | admin | Session id 2 does not exist
20130114 19:16:44 | classes\sessionObject.php:144 | DEBUG | admin | 
20130114 19:18:44 | : | WARN | admin | Session id 2 does not exist
20130114 19:18:44 | classes\sessionObject.php:144 | DEBUG | admin | 
20130114 19:19:00 | : | WARN | admin | Session id 2 does not exist
20130114 19:19:00 | classes\sessionObject.php:144 | DEBUG | admin | 
20130114 19:19:39 | : | WARN | admin | Session id 2 does not exist
20130114 19:19:39 | classes\sessionObject.php:144 | DEBUG | admin | 
20130114 19:19:48 | : | DEBUG | admin |  Load time for http://localhost/sessionweb/session.php?sessionid=1742&command=edit 0.0642 seconds
20130114 19:20:17 | : | WARN | admin | Session id 2 does not exist
20130114 19:20:18 | classes\sessionObject.php:144 | DEBUG | admin | Finance/Logistics
20130114 19:22:41 | : | WARN | admin | Session id 2 does not exist
20130114 19:22:41 | classes\sessionObject.php:144 | DEBUG | admin | Finance/Logistics
20130114 19:24:13 | : | WARN | admin | Session id 2 does not exist
20130114 19:24:14 | classes\sessionObject.php:144 | DEBUG | admin | Finance/Logistics
20130114 19:25:46 | : | WARN | admin | Session id 2 does not exist
20130114 19:25:47 | classes\sessionObject.php:144 | DEBUG | admin | Finance/Logistics
20130114 19:26:05 | : | WARN | admin | Session id 2 does not exist
20130114 19:26:06 | classes\sessionObject.php:144 | DEBUG | admin | Finance/Logistics
20130114 19:26:29 | : | WARN | admin | Session id 2 does not exist
20130114 19:26:29 | classes\sessionObject.php:144 | DEBUG | admin | Finance/Logistics
20130114 19:26:41 | : | WARN | admin | Session id 2 does not exist
20130114 19:26:41 | classes\sessionObject.php:144 | DEBUG | admin | Finance/Logistics
20130114 19:27:00 | : | WARN | admin | Session id 2 does not exist
20130114 19:27:01 | classes\sessionObject.php:144 | DEBUG | admin | Finance/Logistics
20130114 19:28:13 | : | WARN | admin | Session id 2 does not exist
20130114 19:28:13 | classes\sessionObject.php:144 | DEBUG | admin | Finance/Logistics
20130114 19:28:48 | onweb\install\upgrade.php:143 | INFO | admin | UPGRADE: Upgrade aborted since the latest version is already installed
20130114 19:28:51 | : | WARN | admin | Session id 2 does not exist
20130114 19:28:51 | classes\sessionObject.php:144 | DEBUG | admin | Finance/Logistics
20130114 19:29:41 | : | WARN | admin | Session id 2 does not exist
20130114 19:29:42 | : | WARN | admin | Session id null does not exist
20130114 19:32:40 | : | WARN | admin | Session id 2 does not exist
20130114 19:32:40 | classes\sessionObject.php:144 | DEBUG | admin | Finance/Logistics
20130114 19:39:38 | : | WARN | admin | Session id 2 does not exist
20130114 19:39:39 | classes\sessionObject.php:144 | DEBUG | admin | Finance/Logistics
20130114 19:40:11 | : | WARN | admin | Session id 2 does not exist
20130114 19:40:11 | classes\sessionObject.php:144 | DEBUG | admin | Finance/Logistics
20130114 19:40:13 | : | WARN | admin | Session id 2 does not exist
20130114 19:40:13 | classes\sessionObject.php:144 | DEBUG | admin | Finance/Logistics
20130114 19:40:16 | : | WARN | admin | Session id 2 does not exist
20130114 19:40:16 | classes\sessionObject.php:144 | DEBUG | admin | Finance/Logistics
20130114 19:42:38 | : | WARN | admin | Session id 2 does not exist
20130114 19:42:38 | classes\sessionObject.php:144 | DEBUG | admin | Finance/Logistics
20130114 19:44:48 | : | WARN | admin | Session id 2 does not exist
20130114 19:44:48 | classes\sessionObject.php:144 | DEBUG | admin | Finance/Logistics
20130114 19:44:51 | : | WARN | admin | Session id 2 does not exist
20130114 19:44:51 | classes\sessionObject.php:144 | DEBUG | admin | Finance/Logistics
20130114 19:45:00 | : | WARN | admin | Session id 2 does not exist
20130114 19:45:00 | classes\sessionObject.php:144 | DEBUG | admin | Finance/Logistics
20130114 19:47:32 | : | WARN | admin | Session id 2 does not exist
20130114 19:47:32 | classes\sessionObject.php:144 | DEBUG | admin | Finance/Logistics
20130114 19:49:58 | : | WARN | admin | Session id 2 does not exist
20130114 19:49:58 | classes\sessionObject.php:144 | DEBUG | admin | Finance/Logistics
20130114 19:50:25 | : | WARN | admin | Session id 2 does not exist
20130114 19:50:25 | classes\sessionObject.php:144 | DEBUG | admin | Finance/Logistics
20130114 19:56:15 | : | WARN | admin | Session id 2 does not exist
20130114 19:56:15 | classes\sessionObject.php:144 | DEBUG | admin | Finance/Logistics
20130114 19:57:08 | : | WARN | admin | Session id 2 does not exist
20130114 19:57:09 | classes\sessionObject.php:144 | DEBUG | admin | Finance/Logistics
20130114 19:58:09 | : | WARN | admin | Session id 2 does not exist
20130114 19:58:10 | classes\sessionObject.php:144 | DEBUG | admin | Finance/Logistics
20130114 19:58:44 | : | WARN | admin | Session id 2 does not exist
20130114 19:58:45 | classes\sessionObject.php:144 | DEBUG | admin | Finance/Logistics
20130114 19:59:45 | : | WARN | admin | Session id 2 does not exist
20130114 19:59:47 | classes\sessionObject.php:144 | DEBUG | admin | Finance/Logistics
20130114 20:01:28 | : | WARN | admin | Session id 2 does not exist
20130114 20:01:28 | classes\sessionObject.php:144 | DEBUG | admin | Finance/Logistics
20130114 20:03:49 | : | WARN | admin | Session id 2 does not exist
20130114 20:03:50 | classes\sessionObject.php:144 | DEBUG | admin | Finance/Logistics
20130114 20:04:10 | : | WARN | admin | Session id 2 does not exist
20130114 20:04:10 | classes\sessionObject.php:144 | DEBUG | admin | Finance/Logistics
20130114 20:04:54 | : | WARN | admin | Session id 2 does not exist
20130114 20:04:55 | classes\sessionObject.php:144 | DEBUG | admin | Finance/Logistics
20130114 20:06:26 | : | WARN | admin | Session id 2 does not exist
20130114 20:06:26 | classes\sessionObject.php:144 | DEBUG | admin | Finance/Logistics
20130114 20:06:37 | : | WARN | admin | Session id 2 does not exist
20130114 20:06:37 | classes\sessionObject.php:144 | DEBUG | admin | Finance/Logistics
20130114 20:09:19 | : | WARN | admin | Session id 2 does not exist
20130114 20:09:19 | classes\sessionObject.php:144 | DEBUG | admin | Finance/Logistics
20130114 20:10:47 | : | WARN | admin | Session id 2 does not exist
20130114 20:10:47 | classes\sessionObject.php:144 | DEBUG | admin | Finance/Logistics
20130114 20:10:53 | : | WARN | admin | Session id 2 does not exist
20130114 20:10:53 | classes\sessionObject.php:144 | DEBUG | admin | Finance/Logistics
20130114 20:10:55 | : | WARN | admin | Session id 2 does not exist
20130114 20:10:55 | classes\sessionObject.php:144 | DEBUG | admin | Finance/Logistics
20130114 20:11:14 | : | WARN | admin | Session id 2 does not exist
20130114 20:11:14 | classes\sessionObject.php:144 | DEBUG | admin | Finance/Logistics
20130114 20:12:40 | : | WARN | admin | Session id 2 does not exist
20130114 20:12:40 | classes\sessionObject.php:144 | DEBUG | admin | Finance/Logistics
20130114 20:12:43 | : | WARN | admin | Session id 2 does not exist
20130114 20:12:43 | classes\sessionObject.php:144 | DEBUG | admin | Finance/Logistics
20130114 20:13:26 | : | WARN | admin | Session id 2 does not exist
20130114 20:13:26 | classes\sessionObject.php:144 | DEBUG | admin | Finance/Logistics
20130114 20:13:30 | : | WARN | admin | Session id 2 does not exist
20130114 20:13:30 | classes\sessionObject.php:144 | DEBUG | admin | Finance/Logistics
20130114 20:13:33 | : | WARN | admin | Session id 2 does not exist
20130114 20:13:33 | classes\sessionObject.php:144 | DEBUG | admin | Finance/Logistics
20130114 20:14:17 | : | WARN | admin | Session id 2 does not exist
20130114 20:14:18 | classes\sessionObject.php:144 | DEBUG | admin | Finance/Logistics
20130114 20:14:21 | : | WARN | admin | Session id 2 does not exist
20130114 20:14:21 | classes\sessionObject.php:144 | DEBUG | admin | Finance/Logistics
20130114 20:14:23 | : | WARN | admin | Session id 2 does not exist
20130114 20:14:23 | classes\sessionObject.php:144 | DEBUG | admin | Finance/Logistics
20130114 20:16:29 | : | WARN | admin | Session id 2 does not exist
20130114 20:16:29 | classes\sessionObject.php:144 | DEBUG | admin | Finance/Logistics
20130114 20:16:31 | : | WARN | admin | Session id 2 does not exist
20130114 20:16:32 | classes\sessionObject.php:144 | DEBUG | admin | Finance/Logistics
20130114 20:17:46 | : | WARN | admin | Session id 2 does not exist
20130114 20:17:47 | classes\sessionObject.php:144 | DEBUG | admin | Finance/Logistics
20130114 20:17:56 | : | WARN | admin | Session id 2 does not exist
20130114 20:17:56 | classes\sessionObject.php:144 | DEBUG | admin | Finance/Logistics
20130114 20:21:14 | : | WARN | admin | Session id 2 does not exist
20130114 20:21:14 | classes\sessionObject.php:144 | DEBUG | admin | Finance/Logistics
20130114 20:21:27 | : | WARN | admin | Session id 2 does not exist
20130114 20:21:27 | classes\sessionObject.php:144 | DEBUG | admin | Finance/Logistics
20130114 20:22:25 | : | WARN | admin | Session id 2 does not exist
20130114 20:22:26 | classes\sessionObject.php:144 | DEBUG | admin | Finance/Logistics
20130114 20:22:34 | : | WARN | admin | Session id 2 does not exist
20130114 20:22:34 | classes\sessionObject.php:144 | DEBUG | admin | Finance/Logistics
20130114 20:23:14 | : | WARN | admin | Session id 2 does not exist
20130114 20:23:14 | classes\sessionObject.php:144 | DEBUG | admin | Finance/Logistics
20130114 20:23:17 | : | WARN | admin | Session id 2 does not exist
20130114 20:23:17 | classes\sessionObject.php:144 | DEBUG | admin | Finance/Logistics
20130114 20:23:29 | : | WARN | admin | Session id 2 does not exist
20130114 20:23:29 | classes\sessionObject.php:144 | DEBUG | admin | Finance/Logistics
20130114 20:23:31 | : | WARN | admin | Session id 2 does not exist
20130114 20:23:31 | classes\sessionObject.php:144 | DEBUG | admin | Finance/Logistics
20130114 20:24:15 | : | WARN | admin | Session id 2 does not exist
20130114 20:24:15 | classes\sessionObject.php:144 | DEBUG | admin | Finance/Logistics
20130114 20:24:37 | : | WARN | admin | Session id 2 does not exist
20130114 20:24:37 | classes\sessionObject.php:144 | DEBUG | admin | Finance/Logistics
20130114 20:25:08 | : | WARN | admin | Session id 2 does not exist
20130114 20:25:08 | classes\sessionObject.php:144 | DEBUG | admin | Finance/Logistics
20130114 20:28:59 | : | WARN | admin | Session id 2 does not exist
20130114 20:28:59 | classes\sessionObject.php:144 | DEBUG | admin | Finance/Logistics
20130114 20:29:10 | : | DEBUG | admin |  Load time for http://localhost/sessionweb/list2.php 0.1976 seconds
20130114 20:29:15 | : | DEBUG | admin |  Load time for http://localhost/sessionweb/session.php?sessionid=110&command=view 0.0282 seconds
20130114 20:29:18 | : | DEBUG | admin |  Load time for http://localhost/sessionweb/session.php?sessionid=1742 0.0145 seconds
20130114 20:29:27 | : | DEBUG | admin |  Load time for http://localhost/sessionweb/session.php?sessionid=110&command=view 0.0339 seconds
20130114 20:29:38 | : | DEBUG | admin |  Load time for http://localhost/sessionweb/session.php?sessionid=1742&command=view 0.0342 seconds
20130114 20:30:26 | : | WARN | admin | Session id 2 does not exist
20130114 20:30:27 | classes\sessionObject.php:144 | DEBUG | admin | Finance/Logistics
20130114 20:31:26 | : | WARN | admin | Session id 2 does not exist
20130114 20:31:27 | classes\sessionObject.php:144 | DEBUG | admin | Finance/Logistics
20130114 20:31:43 | : | WARN | admin | Session id 2 does not exist
20130114 20:31:43 | classes\sessionObject.php:144 | DEBUG | admin | Finance/Logistics
20130114 20:52:29 | : | DEBUG | admin |  Load time for http://localhost/sessionweb/session.php?command=edit&sessionid=5396&firsttime 0.1378 seconds
20130114 20:59:02 | : | WARN | admin | Session id 2 does not exist
20130114 20:59:03 | classes\sessionObject.php:144 | DEBUG | admin | Finance/Logistics
20130114 20:59:28 | : | WARN | admin | Session id 2 does not exist
20130114 20:59:28 | classes\sessionObject.php:144 | DEBUG | admin | Finance/Logistics
20130114 21:01:55 | : | WARN | admin | Session id 2 does not exist
20130114 21:01:56 | classes\sessionObject.php:144 | DEBUG | admin | Finance/Logistics
20130114 21:02:41 | : | WARN | admin | Session id 2 does not exist
20130114 21:02:41 | classes\sessionObject.php:144 | DEBUG | admin | Finance/Logistics
20130114 21:05:40 | : | WARN | admin | Session id 2 does not exist
20130114 21:05:41 | classes\sessionObject.php:144 | DEBUG | admin | Finance/Logistics
20130114 21:06:06 | : | WARN | admin | Session id 2 does not exist
20130114 21:06:06 | classes\sessionObject.php:144 | DEBUG | admin | Finance/Logistics
20130114 21:06:42 | : | WARN | admin | Session id 2 does not exist
20130114 21:06:42 | classes\sessionObject.php:144 | DEBUG | admin | Finance/Logistics
20130114 21:06:49 | : | WARN | admin | Session id 2 does not exist
20130114 21:06:50 | classes\sessionObject.php:144 | DEBUG | admin | Finance/Logistics
20130114 21:08:08 | : | WARN | admin | Session id 2 does not exist
20130114 21:08:08 | classes\sessionObject.php:144 | DEBUG | admin | Finance/Logistics
20130114 21:08:39 | : | WARN | admin | Session id 2 does not exist
20130114 21:08:39 | classes\sessionObject.php:144 | DEBUG | admin | Finance/Logistics
20130114 21:10:05 | : | WARN | admin | Session id 2 does not exist
20130114 21:10:05 | classes\sessionObject.php:144 | DEBUG | admin | Finance/Logistics
20130114 21:10:17 | : | WARN | admin | Session id 2 does not exist
20130114 21:10:17 | classes\sessionObject.php:144 | DEBUG | admin | Finance/Logistics
20130122 14:17:28 | sessionweb\checklogin.php:191 | DEBUG |  | matgus failed to log in (wrong password or non-existing user)
20130122 14:17:33 | sessionweb\checklogin.php:214 | INFO | admin | User logged in
20130122 14:17:46 | : | WARN | admin | Session id 5440 does not exist
20130122 14:17:49 | : | WARN | admin | Session id 5440 does not exist
20130124 15:04:37 | sessionweb\checklogin.php:214 | INFO | admin | User logged in
20130124 15:04:40 | : | DEBUG | admin |  Load time for http://172.30.112.72/sessionweb/session.php?command=edit&sessionid=5397&firsttime 0.4306 seconds
20130124 15:04:47 | : | WARN | admin | Session id 2 does not exist
20130124 15:04:48 | classes\sessionObject.php:144 | DEBUG | admin | 
20130124 15:11:56 | sessionweb\checklogin.php:214 | INFO | admin | User logged in
20130124 15:11:59 | : | DEBUG | admin |  Load time for http://172.30.112.72/sessionweb/list2.php 0.2186 seconds
20130124 15:12:05 | : | DEBUG | admin |  Load time for http://172.30.112.72/sessionweb/session.php?sessionid=117&command=edit 0.1508 seconds
20130124 15:12:13 | : | WARN | admin | Session id 2 does not exist
20130124 15:12:14 | classes\sessionObject.php:144 | DEBUG | admin | MyGateWatch
20130124 15:26:59 | : | WARN | admin | Session id 2 does not exist
20130124 15:26:59 | classes\sessionObject.php:144 | DEBUG | admin | MyGateWatch
20130128 09:54:37 | sessionweb\checklogin.php:191 | DEBUG |  | admin failed to log in (wrong password or non-existing user)
20130128 09:54:49 | sessionweb\checklogin.php:191 | DEBUG |  |  failed to log in (wrong password or non-existing user)
20130128 09:55:02 | onweb\install\install.php:30 | INFO |  | Access of installation page not granted! User not logged in.
20130128 09:55:15 | sessionweb\checklogin.php:191 | DEBUG |  | admin failed to log in (wrong password or non-existing user)
20130128 09:55:22 | sessionweb\checklogin.php:214 | INFO | admin | User logged in
20130128 09:55:26 | : | DEBUG | admin |  Load time for http://172.30.101.13/sessionweb/list2.php 0.2235 seconds
20130128 09:55:33 | : | DEBUG | admin |  Load time for http://172.30.101.13/sessionweb/session.php?sessionid=110&command=edit 0.1768 seconds
20130128 09:55:39 | : | WARN | admin | Session id 2 does not exist
20130128 09:55:48 | classes\sessionObject.php:144 | DEBUG | admin | MyGateWatch
20130128 09:57:47 | : | DEBUG | admin |  Load time for http://172.30.101.13/sessionweb/graph/areagridreport.php 0.0153 seconds
20130128 09:57:58 | : | DEBUG | admin |  Load time for http://172.30.101.13/sessionweb/graph/areagridreport.php 0.0062 seconds
20130128 09:57:58 | : | DEBUG | admin |  Load time for http://172.30.101.13/sessionweb/graph/areagridreport.php 0.4452 seconds
20130128 09:58:29 | : | DEBUG | admin |  Load time for http://172.30.101.13/sessionweb/graph/areagridreport.php 0.0034 seconds
20130128 09:58:29 | : | DEBUG | admin |  Load time for http://172.30.101.13/sessionweb/graph/areagridreport.php 0.249 seconds
20130128 10:00:46 | : | WARN | admin | Session id 2 does not exist
20130128 10:00:47 | classes\sessionObject.php:144 | DEBUG | admin | MyGateWatch
20130128 10:00:57 | : | DEBUG | admin |  Load time for http://172.30.101.13/sessionweb/list2.php 0.1095 seconds
20130128 10:01:01 | : | DEBUG | admin |  Load time for http://172.30.101.13/sessionweb/session.php?sessionid=145&command=view 0.0385 seconds
20130128 10:01:08 | : | DEBUG | admin |  Load time for http://172.30.101.13/sessionweb/list2.php 0.109 seconds
20130128 10:01:12 | : | DEBUG | admin |  Load time for http://172.30.101.13/sessionweb/session.php?sessionid=145&command=edit 0.0989 seconds
20130128 10:01:21 | : | WARN | admin | Session id 2 does not exist
20130128 10:01:22 | classes\sessionObject.php:144 | DEBUG | admin | Framework Development
20130128 10:14:20 | : | WARN | admin | Session id 2 does not exist
20130128 10:14:22 | classes\sessionObject.php:144 | DEBUG | admin | Framework Development
20130128 10:14:32 | : | DEBUG | admin |  Load time for http://172.30.101.13/sessionweb/session.php?sessionid=145&command=edit 0.1574 seconds
20130128 10:15:09 | : | WARN | admin | Session id 2 does not exist
20130128 10:15:11 | classes\sessionObject.php:144 | DEBUG | admin | Field
20130128 10:15:29 | : | WARN | admin | Session id 2 does not exist
20130128 10:15:30 | classes\sessionObject.php:144 | DEBUG | admin | Field
20130128 10:23:46 | : | DEBUG | admin |  Load time for http://172.30.101.13/sessionweb/session.php?sessionid=145&command=edit 0.1545 seconds
20130128 10:29:50 | : | WARN | admin | Session id 2 does not exist
20130128 10:29:52 | classes\sessionObject.php:144 | DEBUG | admin | Field
20130128 10:30:36 | : | WARN | admin | Session id 2 does not exist
20130128 10:30:36 | b\classes\queryHelper.php:114 | ERROR | admin | Error getting AdditionalTester
20130128 10:30:36 | : | ERROR | admin | SELECT * FROM mission_testers WHERE versionid= AND project = '0' ORDER BY tester ASC
20130128 10:30:37 | classes\sessionObject.php:144 | DEBUG | admin | Field
20130128 10:37:37 | : | WARN | admin | Session id 2 does not exist
20130128 10:37:45 | classes\sessionObject.php:144 | DEBUG | admin | Field
20130128 10:38:21 | : | WARN | admin | Session id 2 does not exist
20130128 10:38:24 | classes\sessionObject.php:144 | DEBUG | admin | Field
20130128 10:38:41 | : | WARN | admin | Session id 2 does not exist
20130128 10:38:42 | classes\sessionObject.php:144 | DEBUG | admin | Field
20130128 10:39:54 | : | WARN | admin | Session id 2 does not exist
20130128 10:39:55 | classes\sessionObject.php:144 | DEBUG | admin | Field
20130128 10:43:41 | : | WARN | admin | Session id 2 does not exist
20130128 10:43:43 | classes\sessionObject.php:144 | DEBUG | admin | Field
20130128 10:46:52 | : | WARN | admin | Session id 2 does not exist
20130128 10:46:54 | classes\sessionObject.php:144 | DEBUG | admin | Field
20130128 10:48:43 | : | WARN | admin | Session id 2 does not exist
20130128 10:48:43 | b\classes\queryHelper.php:123 | ERROR | admin | Error getting AdditionalTester
20130128 10:48:43 | : | ERROR | admin | SELECT m.fullname,        us.username FROM   user_settings AS us,        members AS m WHERE  project = 0        AND m.username = us.username        AND m.active = 1        AND deleted = 0 ORDYR BY us.username;
20130128 10:48:44 | classes\sessionObject.php:144 | DEBUG | admin | Field
20130128 10:48:58 | : | WARN | admin | Session id 2 does not exist
20130128 10:48:59 | classes\sessionObject.php:144 | DEBUG | admin | Field
20130128 10:58:47 | : | WARN | admin | Session id 2 does not exist
20130128 10:59:12 | : | WARN | admin | Session id 2 does not exist
20130128 10:59:16 | classes\sessionObject.php:144 | DEBUG | admin | Field
20130128 10:59:35 | : | WARN | admin | Session id 2 does not exist
20130128 10:59:36 | classes\sessionObject.php:144 | DEBUG | admin | Field
20130128 11:01:50 | : | WARN | admin | Session id 2 does not exist
20130128 11:01:52 | classes\sessionObject.php:144 | DEBUG | admin | Field
20130128 11:03:09 | : | WARN | admin | Session id 2 does not exist
20130128 11:03:12 | classes\sessionObject.php:144 | DEBUG | admin | Field
20130128 11:03:23 | : | WARN | admin | Session id 2 does not exist
20130128 11:03:24 | classes\sessionObject.php:144 | DEBUG | admin | Field
20130128 11:04:25 | : | WARN | admin | Session id 2 does not exist
20130128 11:04:26 | classes\sessionObject.php:144 | DEBUG | admin | Field
20130128 11:04:55 | : | WARN | admin | Session id 2 does not exist
20130128 11:05:08 | classes\sessionObject.php:144 | DEBUG | admin | Field
20130128 11:05:34 | : | WARN | admin | Session id 2 does not exist
20130128 11:05:35 | classes\sessionObject.php:144 | DEBUG | admin | Field
20130128 11:05:44 | : | WARN | admin | Session id 2 does not exist
20130128 11:05:45 | classes\sessionObject.php:144 | DEBUG | admin | Field
20130128 11:11:14 | : | WARN | admin | Session id 2 does not exist
20130128 11:11:16 | classes\sessionObject.php:144 | DEBUG | admin | Field
20130128 11:11:56 | : | WARN | admin | Session id 2 does not exist
20130128 11:11:58 | classes\sessionObject.php:144 | DEBUG | admin | Field
20130128 11:37:32 | : | WARN | admin | Session id 2 does not exist
20130128 11:37:34 | classes\sessionObject.php:144 | DEBUG | admin | Field
20130128 11:44:18 | : | WARN | admin | Session id 2 does not exist
20130128 11:44:20 | classes\sessionObject.php:144 | DEBUG | admin | Field
20130128 11:46:36 | : | WARN | admin | Session id 2 does not exist
20130128 11:46:38 | classes\sessionObject.php:144 | DEBUG | admin | Field
20130128 12:01:31 | sessionweb\checklogin.php:191 | DEBUG |  | admin failed to log in (wrong password or non-existing user)
20130128 12:01:36 | sessionweb\checklogin.php:191 | DEBUG |  | admin failed to log in (wrong password or non-existing user)
20130128 12:01:41 | sessionweb\checklogin.php:214 | INFO | admin | User logged in
20130128 12:06:52 | : | WARN | admin | Session id 2 does not exist
20130128 12:06:53 | classes\sessionObject.php:144 | DEBUG | admin | Field
20130128 12:07:50 | : | WARN | admin | Session id 2 does not exist
20130128 12:07:51 | classes\sessionObject.php:144 | DEBUG | admin | Field
20130128 12:08:22 | : | WARN | admin | Session id 2 does not exist
20130128 12:08:23 | classes\sessionObject.php:144 | DEBUG | admin | Field
20130128 12:08:40 | : | DEBUG | admin |  Load time for http://localhost/sessionweb/session.php?sessionid=145&command=edit 0.0996 seconds
20130128 12:08:53 | : | WARN | admin | Session id 2 does not exist
20130128 12:08:54 | classes\sessionObject.php:144 | DEBUG | admin | Field
20130128 12:09:54 | : | WARN | admin | Session id 2 does not exist
20130128 12:09:54 | classes\sessionObject.php:144 | DEBUG | admin | Field
20130128 12:11:23 | : | WARN | admin | Session id 2 does not exist
20130128 12:11:24 | classes\sessionObject.php:144 | DEBUG | admin | Field
20130128 12:14:36 | : | WARN | admin | Session id 2 does not exist
20130128 12:14:36 | classes\sessionObject.php:144 | DEBUG | admin | Field
20130128 12:15:13 | : | WARN | admin | Session id 2 does not exist
20130128 12:15:13 | classes\sessionObject.php:144 | DEBUG | admin | Field
20130128 12:16:16 | : | WARN | admin | Session id 2 does not exist
20130128 12:16:17 | classes\sessionObject.php:144 | DEBUG | admin | Field
20130128 12:16:40 | : | WARN | admin | Session id 2 does not exist
20130128 12:16:40 | classes\sessionObject.php:144 | DEBUG | admin | Field
20130128 12:17:11 | : | WARN | admin | Session id 2 does not exist
20130128 12:17:12 | classes\sessionObject.php:144 | DEBUG | admin | Field
20130128 12:17:18 | : | WARN | admin | Session id 2 does not exist
20130128 12:17:19 | classes\sessionObject.php:144 | DEBUG | admin | Field
20130128 14:03:34 | : | WARN | admin | Session id 2 does not exist
20130128 14:03:34 | classes\sessionObject.php:144 | DEBUG | admin | Field
20130128 14:04:50 | : | WARN | admin | Session id 2 does not exist
20130128 14:04:51 | classes\sessionObject.php:144 | DEBUG | admin | Field
20130128 14:05:53 | : | WARN | admin | Session id 2 does not exist
20130128 14:05:54 | classes\sessionObject.php:144 | DEBUG | admin | Field
20130128 14:06:03 | : | WARN | admin | Session id 2 does not exist
20130128 14:06:03 | classes\sessionObject.php:144 | DEBUG | admin | Field
20130128 14:06:13 | : | WARN | admin | Session id 2 does not exist
20130128 14:06:14 | classes\sessionObject.php:144 | DEBUG | admin | Field
20130128 14:06:42 | : | WARN | admin | Session id 2 does not exist
20130128 14:06:42 | classes\sessionObject.php:144 | DEBUG | admin | Field
20130128 14:07:12 | : | WARN | admin | Session id 2 does not exist
20130128 14:07:13 | classes\sessionObject.php:144 | DEBUG | admin | Field
20130128 14:07:38 | : | WARN | admin | Session id 2 does not exist
20130128 14:07:38 | classes\sessionObject.php:144 | DEBUG | admin | Field
20130128 14:08:26 | : | WARN | admin | Session id 2 does not exist
20130128 14:08:26 | classes\sessionObject.php:144 | DEBUG | admin | Field
20130128 14:19:40 | : | WARN | admin | Session id 2 does not exist
20130128 14:19:40 | classes\sessionObject.php:144 | DEBUG | admin | Field
20130128 14:20:44 | : | WARN | admin | Session id 2 does not exist
20130128 14:20:44 | : | WARN | admin | Session id 2 does not exist
20130128 14:20:44 | : | WARN | admin | Session id 2 does not exist
20130128 14:20:45 | classes\sessionObject.php:144 | DEBUG | admin | Field
20130128 16:01:07 | : | WARN | admin | Session id 2 does not exist
20130128 16:01:08 | classes\sessionObject.php:144 | DEBUG | admin | Field
20130128 16:01:13 | : | WARN | admin | Session id 2 does not exist
20130128 16:01:14 | classes\sessionObject.php:144 | DEBUG | admin | Field
20130128 16:01:45 | : | DEBUG | admin |  Load time for http://localhost/sessionweb/session.php?sessionid=145&command=edit 0.1278 seconds
20130128 16:02:20 | : | WARN | admin | Session id 2 does not exist
20130128 16:02:21 | classes\sessionObject.php:144 | DEBUG | admin | Field
20130128 16:02:40 | : | WARN | admin | Session id 2 does not exist
20130128 16:02:41 | classes\sessionObject.php:144 | DEBUG | admin | Field
20130128 16:02:54 | : | WARN | admin | Session id 2 does not exist
20130128 16:02:54 | classes\sessionObject.php:144 | DEBUG | admin | Field
20130128 16:40:48 | : | DEBUG | admin |  Load time for http://localhost/sessionweb/list2.php 0.255 seconds
20130128 16:41:10 | : | DEBUG | admin |  Load time for http://localhost/sessionweb/session.php?sessionid=110&command=edit 0.1118 seconds
20130128 16:41:14 | : | DEBUG | admin |  Load time for http://localhost/sessionweb/list2.php 0.0861 seconds
20130128 16:41:44 | : | WARN | admin | Session id 2 does not exist
20130128 16:41:45 | classes\sessionObject.php:144 | DEBUG | admin | Field
20130128 16:41:54 | : | WARN | admin | Session id 2 does not exist
20130128 16:41:54 | classes\sessionObject.php:144 | DEBUG | admin | MyGateWatch
20130128 16:42:16 | : | WARN | admin | Session id 2 does not exist
20130128 16:42:17 | classes\sessionObject.php:144 | DEBUG | admin | MyGateWatch
20130128 16:42:34 | classes\sessionObject.php:144 | DEBUG | admin | MyGateWatch
20130128 16:45:00 | classes\sessionObject.php:144 | DEBUG | admin | MyGateWatch
20130128 16:48:00 | : | WARN | admin | Session id 2 does not exist
20130128 16:48:01 | classes\sessionObject.php:144 | DEBUG | admin | MyGateWatch
20130128 16:48:23 | : | WARN | admin | Session id 2 does not exist
20130128 16:48:23 | classes\sessionObject.php:144 | DEBUG | admin | MyGateWatch
20130128 19:18:58 | classes\sessionObject.php:144 | DEBUG | admin | MyGateWatch
20130128 19:20:00 | : | WARN | admin | Session id 2 does not exist
20130128 19:20:01 | classes\sessionObject.php:144 | DEBUG | admin | MyGateWatch
20130128 19:21:51 | : | WARN | admin | Session id 2 does not exist
20130128 19:21:51 | classes\sessionObject.php:144 | DEBUG | admin | MyGateWatch
20130128 19:22:52 | : | WARN | admin | Session id 2 does not exist
20130128 19:22:52 | classes\sessionObject.php:144 | DEBUG | admin | MyGateWatch
20130128 19:23:28 | : | WARN | admin | Session id 2 does not exist
20130128 19:23:29 | classes\sessionObject.php:144 | DEBUG | admin | MyGateWatch
20130128 19:24:02 | : | WARN | admin | Session id 2 does not exist
20130128 19:24:03 | classes\sessionObject.php:144 | DEBUG | admin | MyGateWatch
20130128 19:24:09 | : | WARN | admin | Session id 2 does not exist
20130128 19:24:09 | classes\sessionObject.php:144 | DEBUG | admin | MyGateWatch
20130128 19:24:43 | : | WARN | admin | Session id 2 does not exist
20130128 19:24:44 | classes\sessionObject.php:144 | DEBUG | admin | MyGateWatch
20130128 19:35:39 | : | WARN | admin | Session id 2 does not exist
20130128 19:35:39 | classes\sessionObject.php:144 | DEBUG | admin | MyGateWatch
20130128 19:36:22 | : | WARN | admin | Session id 2 does not exist
20130128 19:36:22 | classes\sessionObject.php:144 | DEBUG | admin | MyGateWatch
20130128 19:38:14 | : | WARN | admin | Session id 2 does not exist
20130128 19:38:15 | classes\sessionObject.php:144 | DEBUG | admin | MyGateWatch
20130128 19:39:23 | : | WARN | admin | Session id 2 does not exist
20130128 19:39:24 | classes\sessionObject.php:144 | DEBUG | admin | MyGateWatch
20130128 19:40:45 | : | DEBUG | admin |  Load time for http://localhost/sessionweb/list2.php 0.1803 seconds
20130128 19:40:51 | : | DEBUG | admin |  Load time for http://localhost/sessionweb/session.php?sessionid=145&command=debrief 3.0307 seconds
20130128 19:41:07 | : | DEBUG | admin |  Load time for http://localhost/sessionweb/list2.php 0.0965 seconds
20130128 19:41:09 | : | DEBUG | admin |  Load time for http://localhost/sessionweb/session.php?sessionid=145&command=edit 0.108 seconds
20130128 19:41:17 | : | DEBUG | admin |  Load time for http://localhost/sessionweb/list2.php 0.0774 seconds
20130128 19:41:35 | : | DEBUG | admin |  Load time for http://localhost/sessionweb/session.php?sessionid=4830&command=edit 0.1118 seconds
20130128 19:42:46 | : | WARN | admin | Session id 2 does not exist
20130128 19:42:47 | classes\sessionObject.php:144 | DEBUG | admin | Field
20130128 19:42:53 | : | WARN | admin | Session id 2 does not exist
20130128 19:42:53 | classes\sessionObject.php:144 | DEBUG | admin | Field
20130128 19:43:01 | classes\sessionObject.php:144 | DEBUG | admin | Field
20130128 19:44:20 | classes\sessionObject.php:144 | DEBUG | admin | Field
20130128 19:47:56 | classes\sessionObject.php:144 | DEBUG | admin | Field
20130128 19:48:12 | : | WARN | admin | Session id 2 does not exist
20130128 19:48:12 | classes\sessionObject.php:144 | DEBUG | admin | Field
20130128 19:49:23 | classes\sessionObject.php:144 | DEBUG | admin | Field
20130129 06:40:12 | sessionweb\checklogin.php:214 | INFO | admin | User logged in
20130129 06:40:14 | : | DEBUG | admin |  Load time for http://172.30.112.71/sessionweb/list2.php 0.2285 seconds
20130129 06:40:26 | : | DEBUG | admin |  Load time for http://172.30.112.71/sessionweb/session.php?sessionid=4830&command=edit 0.2457 seconds
20130129 06:40:30 | : | WARN | admin | Session id 2 does not exist
20130129 06:40:30 | classes\sessionObject.php:144 | DEBUG | admin | Field
20130129 06:40:52 | : | WARN | admin | Session id 2 does not exist
20130129 06:40:52 | classes\sessionObject.php:144 | DEBUG | admin | Field
20130129 06:41:23 | classes\sessionObject.php:144 | DEBUG | admin | Field
20130129 06:41:39 | classes\sessionObject.php:144 | DEBUG | admin | Field
20130129 06:43:02 | classes\sessionObject.php:144 | DEBUG | admin | Field
20130129 06:44:45 | classes\sessionObject.php:144 | DEBUG | admin | Field
20130129 06:47:28 | classes\sessionObject.php:144 | DEBUG | admin | Field
20130129 06:47:31 | classes\sessionObject.php:144 | DEBUG | admin | Field
20130131 17:55:49 | sessionweb\checklogin.php:191 | DEBUG |  | admin failed to log in (wrong password or non-existing user)
20130131 17:55:55 | sessionweb\checklogin.php:214 | INFO | admin | User logged in
20130131 17:55:58 | : | DEBUG | admin |  Load time for http://localhost/sessionweb/list2.php 0.2883 seconds
20130131 17:56:17 | : | DEBUG | admin |  Load time for http://localhost/sessionweb/session.php?sessionid=4830&command=view 2.5615 seconds
20130131 17:56:42 | : | WARN | admin | Session id ?4830 does not exist
20130131 17:57:00 | : | WARN | admin | Session id ?4830 does not exist
20130131 17:57:36 | classes\sessionObject.php:144 | DEBUG | admin | Field
20130131 17:57:42 | classes\sessionObject.php:144 | DEBUG | admin | Field
20130131 18:01:18 | classes\sessionObject.php:144 | DEBUG | admin | Field
20130131 18:02:44 | classes\sessionObject.php:144 | DEBUG | admin | Field
20130131 18:03:08 | : | DEBUG | admin |  Load time for http://localhost/sessionweb/session.php?sessionid=4830&command=edit 0.1787 seconds
20130131 18:03:16 | : | WARN | admin | Session id 2 does not exist
20130131 18:03:16 | classes\sessionObject.php:144 | DEBUG | admin | Field
20130131 18:06:16 | : | WARN | admin | Session id 2 does not exist
20130131 18:10:55 | : | DEBUG | admin |  Load time for http://localhost/sessionweb/session.php?sessionid=4830&command=edit 0.1269 seconds
20130131 18:10:59 | : | DEBUG | admin |  Load time for http://localhost/sessionweb/session.php?sessionid=4830&command=edit 0.1265 seconds
20130131 18:13:06 | : | WARN | admin | Session id 2 does not exist
20130131 18:13:14 | classes\sessionObject.php:144 | DEBUG | admin | Field
20130131 18:13:43 | : | WARN | admin | Session id 2 does not exist
20130131 18:13:56 | classes\sessionObject.php:144 | DEBUG | admin | Field
20130131 18:14:39 | : | WARN | admin | Session id 2 does not exist
20130131 18:14:42 | classes\sessionObject.php:144 | DEBUG | admin | Field
20130131 18:15:42 | : | WARN | admin | Session id 2 does not exist
20130131 18:15:46 | classes\sessionObject.php:144 | DEBUG | admin | Field
20130131 18:15:49 | : | WARN | admin | Session id 2 does not exist
20130131 18:15:50 | classes\sessionObject.php:144 | DEBUG | admin | Field
20130131 18:16:27 | : | WARN | admin | Session id 2 does not exist
20130131 18:17:30 | classes\sessionObject.php:144 | DEBUG | admin | Field
20130131 18:18:23 | : | WARN | admin | Session id 2 does not exist
20130131 18:18:23 | classes\sessionObject.php:144 | DEBUG | admin | Field
20130131 18:18:45 | : | WARN | admin | Session id 2 does not exist
20130131 18:18:45 | classes\sessionObject.php:144 | DEBUG | admin | Field
20130131 18:19:06 | : | WARN | admin | Session id 2 does not exist
20130131 18:19:07 | classes\sessionObject.php:144 | DEBUG | admin | Field
20130131 18:19:41 | : | DEBUG | admin |  Load time for http://localhost/sessionweb/session.php?sessionid=4830&command=edit 0.1236 seconds
20130131 18:19:46 | : | DEBUG | admin |  Load time for http://localhost/sessionweb/session.php?sessionid=4830&command=edit 0.1683 seconds
20130131 18:19:49 | : | WARN | admin | Session id 2 does not exist
20130131 18:19:49 | classes\sessionObject.php:144 | DEBUG | admin | Field
20130131 18:20:11 | : | WARN | admin | Session id 2 does not exist
20130131 18:30:27 | : | WARN | admin | Session id 2 does not exist
20130131 18:32:37 | : | WARN | admin | Session id 2 does not exist
20130131 18:32:37 | classes\sessionObject.php:144 | DEBUG | admin | Field
20130131 18:32:42 | : | WARN | admin | Session id 2 does not exist
20130131 18:33:51 | : | WARN | admin | Session id 2 does not exist
20130131 18:33:52 | classes\sessionObject.php:144 | DEBUG | admin | Field
20130131 18:33:58 | : | WARN | admin | Session id 2 does not exist
20130131 18:34:38 | : | WARN | admin | Session id 2 does not exist
20130131 18:34:39 | classes\sessionObject.php:144 | DEBUG | admin | Field
20130131 18:34:43 | : | WARN | admin | Session id 2 does not exist
20130131 18:35:28 | : | DEBUG | admin |  Load time for http://localhost/sessionweb/session.php?sessionid=4830&command=edit 0.1441 seconds
20130131 18:35:47 | : | DEBUG | admin |  Load time for http://localhost/sessionweb/session.php?sessionid=4830&command=edit 0.126 seconds
20130131 18:35:52 | : | WARN | admin | Session id 2 does not exist
20130131 18:35:55 | : | WARN | admin | Session id 2 does not exist
20130131 18:35:55 | classes\sessionObject.php:144 | DEBUG | admin | Field
20130131 18:36:21 | : | DEBUG | admin |  Load time for http://localhost/sessionweb/session.php?sessionid=4830&command=edit 0.1401 seconds
20130131 18:36:24 | : | DEBUG | admin |  Load time for http://localhost/sessionweb/session.php?sessionid=4830&command=edit 0.1516 seconds
20130131 18:36:34 | : | WARN | admin | Session id 2 does not exist
20130131 18:36:36 | : | WARN | admin | Session id 2 does not exist
